[0.855s] Invoking command in '/home/wrs/factr_ws/build/franka_zmq_controller': CMAKE_PREFIX_PATH=${CMAKE_PREFIX_PATH}:/home/wrs/factr_ws/install/python_utils:/home/wrs/factr_ws/install/factr_teleop:/home/wrs/factr_ws/install/cameras:/home/wrs/factr_ws/install/bc:/opt/ros/humble /usr/bin/cmake --build /home/wrs/factr_ws/build/franka_zmq_controller -- -j6 -l6
[0.889s] [35m[1mConsolidate compiler generated dependencies of target franka_zmq_controller_node[0m
[0.903s] [ 50%] [32mBuilding CXX object CMakeFiles/franka_zmq_controller_node.dir/src/controller_node.cpp.o[0m
[1.581s] [01m[K/home/wrs/factr_ws/src/franka_zmq_controller/src/controller_node.cpp:78:3:[m[K [01;31m[Kerror: [m[Kâ€˜[01m[Kyes[m[Kâ€™ does not name a type
[1.581s]    78 | } [01;31m[Kyes[m[K
[1.581s]       |   [01;31m[K^~~[m[K
[1.690s] gmake[2]: *** [CMakeFiles/franka_zmq_controller_node.dir/build.make:76: CMakeFiles/franka_zmq_controller_node.dir/src/controller_node.cpp.o] Error 1
[1.692s] gmake[1]: *** [CMakeFiles/Makefile2:137: CMakeFiles/franka_zmq_controller_node.dir/all] Error 2
[1.693s] gmake: *** [Makefile:146: all] Error 2
[1.712s] Invoked command in '/home/wrs/factr_ws/build/franka_zmq_controller' returned '2': CMAKE_PREFIX_PATH=${CMAKE_PREFIX_PATH}:/home/wrs/factr_ws/install/python_utils:/home/wrs/factr_ws/install/factr_teleop:/home/wrs/factr_ws/install/cameras:/home/wrs/factr_ws/install/bc:/opt/ros/humble /usr/bin/cmake --build /home/wrs/factr_ws/build/franka_zmq_controller -- -j6 -l6
