[0.011s] Invoking command in '/home/wrs/factr_ws/build/franka_zmq_controller': CMAKE_PREFIX_PATH=${CMAKE_PREFIX_PATH}:/home/wrs/factr_ws/install/python_utils:/home/wrs/factr_ws/install/factr_teleop:/home/wrs/factr_ws/install/cameras:/home/wrs/factr_ws/install/bc:/opt/ros/humble /usr/bin/cmake --build /home/wrs/factr_ws/build/franka_zmq_controller -- -j6 -l6
[0.051s] [35m[1mConsolidate compiler generated dependencies of target franka_zmq_controller_node[0m
[0.065s] [ 50%] [32mBuilding CXX object CMakeFiles/franka_zmq_controller_node.dir/src/controller_node.cpp.o[0m
[0.679s] [01m[K/home/wrs/factr_ws/src/franka_zmq_controller/src/controller_node.cpp:[m[K In function â€˜[01m[Kint main()[m[Kâ€™:
[0.679s] [01m[K/home/wrs/factr_ws/src/franka_zmq_controller/src/controller_node.cpp:65:35:[m[K [01;31m[Kerror: [m[Kâ€˜[01m[Kclass franka::Robot[m[Kâ€™ has no member named â€˜[01m[KcreateMotionGenerator[m[Kâ€™
[0.680s]    65 |     auto motion_generator = robot.[01;31m[KcreateMotionGenerator[m[K(smoothed_q, 0.2);
[0.680s]       |                                   [01;31m[K^~~~~~~~~~~~~~~~~~~~~[m[K
[0.775s] gmake[2]: *** [CMakeFiles/franka_zmq_controller_node.dir/build.make:76: CMakeFiles/franka_zmq_controller_node.dir/src/controller_node.cpp.o] Error 1
[0.775s] gmake[1]: *** [CMakeFiles/Makefile2:137: CMakeFiles/franka_zmq_controller_node.dir/all] Error 2
[0.775s] gmake: *** [Makefile:146: all] Error 2
[0.778s] Invoked command in '/home/wrs/factr_ws/build/franka_zmq_controller' returned '2': CMAKE_PREFIX_PATH=${CMAKE_PREFIX_PATH}:/home/wrs/factr_ws/install/python_utils:/home/wrs/factr_ws/install/factr_teleop:/home/wrs/factr_ws/install/cameras:/home/wrs/factr_ws/install/bc:/opt/ros/humble /usr/bin/cmake --build /home/wrs/factr_ws/build/franka_zmq_controller -- -j6 -l6
